<?xml version="1.0" encoding="UTF-8"?>
<testng-results skipped="0" failed="0" ignored="0" total="2" passed="2">
  <reporter-output>
  </reporter-output>
  <suite name="Surefire suite" duration-ms="101" started-at="2021-10-20T00:56:00 IST" finished-at="2021-10-20T00:56:00 IST">
    <groups>
    </groups>
    <test name="Surefire test" duration-ms="101" started-at="2021-10-20T00:56:00 IST" finished-at="2021-10-20T00:56:00 IST">
      <class name="com.crm.orgtest.ContactTest">
        <test-method status="PASS" signature="createContactTest()[pri:0, instance:com.crm.orgtest.ContactTest@6d00a15d]" name="createContactTest" duration-ms="12" started-at="2021-10-20T00:56:00 IST" finished-at="2021-10-20T00:56:00 IST">
          <reporter-output>
          </reporter-output>
        </test-method> <!-- createContactTest -->
        <test-method status="PASS" signature="editContactTest()[pri:0, instance:com.crm.orgtest.ContactTest@6d00a15d]" name="editContactTest" duration-ms="1" started-at="2021-10-20T00:56:00 IST" finished-at="2021-10-20T00:56:00 IST">
          <reporter-output>
          </reporter-output>
        </test-method> <!-- editContactTest -->
      </class> <!-- com.crm.orgtest.ContactTest -->
    </test> <!-- Surefire test -->
  </suite> <!-- Surefire suite -->
</testng-results>
