<?xml version="1.0" encoding="UTF-8"?>
<testng-results ignored="0" total="2" passed="2" failed="0" skipped="0">
  <reporter-output>
  </reporter-output>
  <suite started-at="2021-10-18T16:34:33 IST" name="Default suite" finished-at="2021-10-18T16:34:33 IST" duration-ms="122">
    <groups>
    </groups>
    <test started-at="2021-10-18T16:34:33 IST" name="Default test" finished-at="2021-10-18T16:34:33 IST" duration-ms="122">
      <class name="com.crm.orgtest.ContactTest">
        <test-method signature="createContactTest()[pri:0, instance:com.crm.orgtest.ContactTest@1ebd319f]" started-at="2021-10-18T16:34:33 IST" name="createContactTest" finished-at="2021-10-18T16:34:33 IST" duration-ms="26" status="PASS">
          <reporter-output>
          </reporter-output>
        </test-method> <!-- createContactTest -->
        <test-method signature="editContactTest()[pri:0, instance:com.crm.orgtest.ContactTest@1ebd319f]" started-at="2021-10-18T16:34:33 IST" name="editContactTest" finished-at="2021-10-18T16:34:33 IST" duration-ms="5" status="PASS">
          <reporter-output>
          </reporter-output>
        </test-method> <!-- editContactTest -->
      </class> <!-- com.crm.orgtest.ContactTest -->
    </test> <!-- Default test -->
  </suite> <!-- Default suite -->
</testng-results>
